<?xml version="1.0" encoding="UTF-8"?>
<!-- Generated by org.testng.reporters.JUnitReportReporter -->
<testsuite hostname="USHYDHLIHOR5" failures="0" tests="2" name="firstPackage.Report" time="3.393" errors="0" timestamp="2023-01-12T10:53:04 IST" skipped="0">
  <testcase classname="firstPackage.Report" name="google" time="2.892"/>
  <system-out/>
  <testcase classname="firstPackage.Report" name="second" time="0.501"/>
  <system-out/>
</testsuite> <!-- firstPackage.Report -->
