<?xml version="1.0" encoding="UTF-8"?>
<!-- Generated by org.testng.reporters.JUnitReportReporter -->
<testsuite hostname="USHYDHLIHOR5" failures="0" tests="1" name="log4j.Report" time="8.237" errors="0" timestamp="2023-01-12T12:57:29 IST" skipped="0">
  <testcase classname="log4j.Report" name="script" time="8.237"/>
  <system-out/>
</testsuite> <!-- log4j.Report -->
