<?xml version="1.0" encoding="UTF-8"?>
<!-- Generated by org.testng.reporters.JUnitReportReporter -->
<testsuite hostname="USHYDHLIHOR5" failures="0" tests="1" name="package1.TestNG6" time="7.507" errors="0" timestamp="2023-01-10T17:08:21 IST" skipped="0">
  <testcase classname="package1.TestNG6" name="facebook" time="7.507"/>
  <system-out/>
</testsuite> <!-- package1.TestNG6 -->
