<?xml version="1.0" encoding="UTF-8"?>
<!-- Generated by org.testng.reporters.JUnitReportReporter -->
<testsuite hostname="USHYDHLIHOR5" failures="0" tests="1" name="package1.TestNG4" time="0.009" errors="0" timestamp="2023-01-10T15:32:35 IST" skipped="0">
  <testcase classname="package1.TestNG4" name="test1" time="0.009"/>
  <system-out/>
</testsuite> <!-- package1.TestNG4 -->
