<?xml version="1.0" encoding="UTF-8"?>
<!-- Generated by org.testng.reporters.JUnitReportReporter -->
<testsuite hostname="USHYDHLIHOR5" failures="0" tests="4" name="package1.TestNG8" time="6.199" errors="0" timestamp="2023-01-11T10:41:09 IST" skipped="0">
  <testcase classname="package1.TestNG8" name="facebook" time="2.596"/>
  <system-out/>
  <testcase classname="package1.TestNG8" name="zclose" time="0.366"/>
  <system-out/>
  <testcase classname="package1.TestNG8" name="zclose" time="0.498"/>
  <system-out/>
  <testcase classname="package1.TestNG8" name="facebook" time="2.739"/>
  <system-out/>
</testsuite> <!-- package1.TestNG8 -->
