<?xml version="1.0" encoding="UTF-8"?>
<!-- Generated by org.testng.reporters.JUnitReportReporter -->
<testsuite hostname="USHYDHLIHOR5" failures="0" tests="12" name="package2.First" time="0.030" errors="0" timestamp="2023-01-17T10:40:37 IST" skipped="0">
  <testcase classname="package2.First" name="f1" time="0.002"/>
  <system-out/>
  <testcase classname="package2.First" name="f2" time="0.002"/>
  <system-out/>
  <testcase classname="package2.First" name="f2" time="0.001"/>
  <system-out/>
  <testcase classname="package2.First" name="f2" time="0.002"/>
  <system-out/>
  <testcase classname="package2.First" name="f1" time="0.014"/>
  <system-out/>
  <testcase classname="package2.First" name="f1" time="0.001"/>
  <system-out/>
  <testcase classname="package2.First" name="f2" time="0.002"/>
  <system-out/>
  <testcase classname="package2.First" name="f2" time="0.001"/>
  <system-out/>
  <testcase classname="package2.First" name="f1" time="0.001"/>
  <system-out/>
  <testcase classname="package2.First" name="f2" time="0.001"/>
  <system-out/>
  <testcase classname="package2.First" name="f1" time="0.001"/>
  <system-out/>
  <testcase classname="package2.First" name="f1" time="0.002"/>
  <system-out/>
</testsuite> <!-- package2.First -->
