<?xml version="1.0" encoding="UTF-8"?>
<!-- Generated by org.testng.reporters.JUnitReportReporter -->
<testsuite hostname="USHYDHLIHOR5" failures="0" tests="2" name="package1.TestNG2" time="0.002" errors="0" timestamp="2023-01-10T15:12:47 IST" skipped="0">
  <testcase classname="package1.TestNG2" name="email" time="0.001"/>
  <system-out/>
  <testcase classname="package1.TestNG2" name="passwd" time="0.001"/>
  <system-out/>
</testsuite> <!-- package1.TestNG2 -->
