<?xml version="1.0" encoding="UTF-8"?>
<!-- Generated by org.testng.reporters.JUnitReportReporter -->
<testsuite hostname="USHYDHLIHOR5" failures="0" tests="1" name="package1.TestNG1" time="4.733" errors="0" timestamp="2023-01-10T15:12:47 IST" skipped="0">
  <testcase classname="package1.TestNG1" name="insert" time="4.733"/>
  <system-out/>
</testsuite> <!-- package1.TestNG1 -->
