<?xml version="1.0" encoding="UTF-8"?>
<!-- Generated by org.testng.reporters.JUnitReportReporter -->
<testsuite hostname="USHYDHLIHOR5" failures="0" tests="1" name="package1.Facebook" time="5.389" errors="0" timestamp="2023-01-10T12:35:54 IST" skipped="0">
  <testcase classname="package1.Facebook" name="insert" time="5.389"/>
  <system-out/>
</testsuite> <!-- package1.Facebook -->
