<?xml version="1.0" encoding="UTF-8"?>
<!-- Generated by org.testng.reporters.JUnitReportReporter -->
<testsuite hostname="USHYDHLIHOR5" failures="0" tests="4" name="package1.TestNG7" time="43.057" errors="0" timestamp="2023-01-10T17:46:05 IST" skipped="0">
  <testcase classname="package1.TestNG7" name="facebook" time="10.599"/>
  <system-out/>
  <testcase classname="package1.TestNG7" name="facebook" time="9.932"/>
  <system-out/>
  <testcase classname="package1.TestNG7" name="facebook" time="9.391"/>
  <system-out/>
  <testcase classname="package1.TestNG7" name="facebook" time="13.135"/>
  <system-out/>
</testsuite> <!-- package1.TestNG7 -->
