<?xml version="1.0" encoding="UTF-8"?>
<!-- Generated by org.testng.reporters.JUnitReportReporter -->
<testsuite hostname="USHYDHLIHOR5" failures="0" tests="3" name="package1.TestNG3" time="0.008" errors="0" timestamp="2023-01-10T15:12:47 IST" skipped="0">
  <testcase classname="package1.TestNG3" name="test1" time="0.006"/>
  <system-out/>
  <testcase classname="package1.TestNG3" name="test2" time="0.001"/>
  <system-out/>
  <testcase classname="package1.TestNG3" name="test3" time="0.001"/>
  <system-out/>
</testsuite> <!-- package1.TestNG3 -->
