<?xml version="1.0" encoding="UTF-8"?>
<!-- Generated by org.testng.reporters.JUnitReportReporter -->
<testsuite hostname="USHYDHLIHOR5" failures="0" tests="2" name="newnew.mm" time="6.715" errors="0" timestamp="2023-01-12T00:24:28 IST" skipped="0">
  <testcase classname="newnew.mm" name="willLoop" time="3.050"/>
  <system-out/>
  <testcase classname="newnew.mm" name="willLoop" time="3.665"/>
  <system-out/>
</testsuite> <!-- newnew.mm -->
