<?xml version="1.0" encoding="UTF-8"?>
<!-- Generated by org.testng.reporters.JUnitReportReporter -->
<testsuite hostname="USHYDHLIHOR5" failures="0" tests="1" name="package1.SeleniumGRID2" time="10.122" errors="0" timestamp="2023-01-16T14:45:25 IST" skipped="0">
  <testcase classname="package1.SeleniumGRID2" name="display2" time="10.122"/>
  <system-out/>
</testsuite> <!-- package1.SeleniumGRID2 -->
