<?xml version="1.0" encoding="UTF-8"?>
<!-- Generated by org.testng.reporters.JUnitReportReporter -->
<testsuite hostname="USHYDHLIHOR5" failures="0" tests="1" name="package1.SeleniumGRID" time="16.746" errors="0" timestamp="2023-01-16T15:10:58 IST" skipped="0">
  <testcase classname="package1.SeleniumGRID" name="display1" time="16.746"/>
  <system-out/>
</testsuite> <!-- package1.SeleniumGRID -->
