<?xml version="1.0" encoding="UTF-8"?>
<!-- Generated by org.testng.reporters.JUnitReportReporter -->
<testsuite hostname="USHYDHLIHOR5" failures="0" tests="1" name="package1.Homepage" time="16.449" errors="0" timestamp="2023-01-15T00:35:39 IST" skipped="0">
  <testcase classname="package1.Homepage" name="toys" time="16.449"/>
  <system-out/>
</testsuite> <!-- package1.Homepage -->
