<?xml version="1.0" encoding="UTF-8"?>
<!-- Generated by org.testng.reporters.JUnitReportReporter -->
<testsuite hostname="USHYDHLIHOR5" failures="0" tests="1" name="scripts.aaaatest" time="77.600" errors="0" timestamp="2023-04-20T11:52:23 IST" skipped="0">
  <testcase classname="scripts.aaaatest" name="aaaaatest" time="77.600"/>
  <system-out/>
</testsuite> <!-- scripts.aaaatest -->
