<?xml version="1.0" encoding="UTF-8"?>
<!-- Generated by org.testng.reporters.JUnitReportReporter -->
<testsuite hostname="USHYDHLIHOR5" failures="0" tests="1" name="Environments.SITM" time="50.348" errors="0" timestamp="2023-04-18T00:01:12 IST" skipped="0">
  <testcase classname="Environments.SITM" name="createUser" time="50.348"/>
  <system-out/>
</testsuite> <!-- Environments.SITM -->
