<?xml version="1.0" encoding="UTF-8"?>
<!-- Generated by org.testng.reporters.JUnitReportReporter -->
<testsuite hostname="USHYDHLIHOR5" failures="0" tests="1" name="flows.CP_accCreate_login" time="83.524" errors="0" timestamp="2023-04-25T03:13:31 IST" skipped="0">
  <testcase classname="flows.CP_accCreate_login" name="doit" time="83.524"/>
  <system-out/>
</testsuite> <!-- flows.CP_accCreate_login -->
