<?xml version="1.0" encoding="UTF-8"?>
<!-- Generated by org.testng.reporters.JUnitReportReporter -->
<testsuite hostname="USHYDHLIHOR5" failures="0" tests="1" name="commonScripts.fOlndre.aaaatest" time="0.008" errors="0" timestamp="2023-04-25T20:27:16 IST" skipped="0">
  <testcase classname="commonScripts.fOlndre.aaaatest" name="atest" time="0.008"/>
  <system-out/>
</testsuite> <!-- commonScripts.fOlndre.aaaatest -->
