<?xml version="1.0" encoding="UTF-8"?>
<!-- Generated by org.testng.reporters.JUnitReportReporter -->
<testsuite hostname="USHYDHLIHOR5" failures="0" tests="1" name="scripts.AccCreationCP" time="54.078" errors="0" timestamp="2023-04-19T15:08:20 IST" skipped="0">
  <testcase classname="scripts.AccCreationCP" name="createUser" time="54.078"/>
  <system-out/>
</testsuite> <!-- scripts.AccCreationCP -->
