<?xml version="1.0" encoding="UTF-8"?>
<!-- Generated by org.testng.reporters.JUnitReportReporter -->
<testsuite hostname="USHYDHLIHOR5" failures="0" tests="1" name="flows.PAflow" time="201.802" errors="0" timestamp="2023-04-26T13:47:11 IST" skipped="0">
  <testcase classname="flows.PAflow" name="completeFlow" time="201.802"/>
  <system-out/>
</testsuite> <!-- flows.PAflow -->
