<?xml version="1.0" encoding="UTF-8"?>
<!-- Generated by org.testng.reporters.JUnitReportReporter -->
<testsuite hostname="USHYDHLIHOR5" failures="0" tests="1" name="scripts.LoginCP" time="30.155" errors="0" timestamp="2023-04-18T20:55:36 IST" skipped="0">
  <testcase classname="scripts.LoginCP" name="freshLogin" time="30.155"/>
  <system-out/>
</testsuite> <!-- scripts.LoginCP -->
