<?xml version="1.0" encoding="UTF-8"?>
<!-- Generated by org.testng.reporters.JUnitReportReporter -->
<testsuite hostname="USHYDHLIHOR5" failures="0" tests="1" name="flows.test.PAflowTEST" time="31.173" errors="0" timestamp="2023-06-08T13:08:02 IST" skipped="0">
  <testcase classname="flows.test.PAflowTEST" name="completeFlow" time="31.173"/>
  <system-out/>
</testsuite> <!-- flows.test.PAflowTEST -->
