<?xml version="1.0" encoding="UTF-8"?>
<!-- Generated by org.testng.reporters.JUnitReportReporter -->
<testsuite hostname="USHYDHLIHOR5" failures="0" tests="1" name="flows.test.AAAtest" time="0.009" errors="0" timestamp="2023-06-07T12:16:28 IST" skipped="0">
  <testcase classname="flows.test.AAAtest" name="meriMtd" time="0.009"/>
  <system-out/>
</testsuite> <!-- flows.test.AAAtest -->
