<?xml version="1.0" encoding="UTF-8"?>
<!-- Generated by org.testng.reporters.JUnitReportReporter -->
<testsuite hostname="USHYDHLIHOR5" failures="0" tests="1" name="scripts.PAflowCP" time="233.058" errors="0" timestamp="2023-04-20T12:20:19 IST" skipped="0">
  <testcase classname="scripts.PAflowCP" name="PAflow" time="233.058"/>
  <system-out/>
</testsuite> <!-- scripts.PAflowCP -->
