<?xml version="1.0" encoding="UTF-8"?>
<!-- Generated by org.testng.reporters.JUnitReportReporter -->
<testsuite hostname="USHYDHLIHOR5" failures="0" tests="1" name="flows.test.CP_createAcc_login" time="60.432" errors="0" timestamp="2023-06-06T17:13:07 IST" skipped="0">
  <testcase classname="flows.test.CP_createAcc_login" name="doit" time="60.432"/>
  <system-out/>
</testsuite> <!-- flows.test.CP_createAcc_login -->
