<?xml version="1.0" encoding="UTF-8"?>
<!-- Generated by org.testng.reporters.JUnitReportReporter -->
<testsuite hostname="USHYDHLIHOR5" failures="0" tests="1" name="flows.SITM.PAflowSITM" time="435.352" errors="0" timestamp="2023-06-07T01:11:29 IST" skipped="0">
  <testcase classname="flows.SITM.PAflowSITM" name="completeFlow" time="435.352"/>
  <system-out/>
</testsuite> <!-- flows.SITM.PAflowSITM -->
