<?xml version="1.0" encoding="UTF-8"?>
<!-- Generated by org.testng.reporters.JUnitReportReporter -->
<testsuite hostname="USHYDHLIHOR5" failures="0" tests="1" name="commonScripts.aaaatest" time="0.008" errors="0" timestamp="2023-04-25T19:56:00 IST" skipped="0">
  <testcase classname="commonScripts.aaaatest" name="aaaaatest" time="0.008"/>
  <system-out/>
</testsuite> <!-- commonScripts.aaaatest -->
